<?xml version="1.0" encoding="UTF-8"?>
<!-- Generated by org.testng.reporters.JUnitReportReporter -->
<testsuite hostname="DESKTOP-BIUCLJH" failures="0" tests="3" name="ujianminggukedua.TestGeometri" time="0.017" errors="0" timestamp="2022-09-03T10:43:50 WIB" skipped="0">
  <testcase classname="ujianminggukedua.TestGeometri" name="TestLuasTrapesium" time="0.004"/>
  <system-out/>
  <testcase classname="ujianminggukedua.TestGeometri" name="TestLuasPersegi" time="0.012"/>
  <system-out/>
  <testcase classname="ujianminggukedua.TestGeometri" name="TestLuasSegitiga" time="0.001"/>
  <system-out/>
</testsuite> <!-- ujianminggukedua.TestGeometri -->
