<?xml version="1.0" encoding="UTF-8"?>
<!-- Generated by org.testng.reporters.JUnitReportReporter -->
<testsuite hostname="DESKTOP-BIUCLJH" failures="0" tests="4" name="ujianminggukedua.TestMatematika" time="0.013" errors="0" timestamp="2022-09-03T11:03:24 WIB" skipped="0">
  <testcase classname="ujianminggukedua.TestMatematika" name="TestPenjumlahan" time="0.008"/>
  <system-out/>
  <testcase classname="ujianminggukedua.TestMatematika" name="TestPengurangan" time="0.002"/>
  <system-out/>
  <testcase classname="ujianminggukedua.TestMatematika" name="TestPembagian" time="0.002"/>
  <system-out/>
  <testcase classname="ujianminggukedua.TestMatematika" name="TestModulus" time="0.001"/>
  <system-out/>
</testsuite> <!-- ujianminggukedua.TestMatematika -->
